<?xml version="1.0" encoding="UTF-8"?>
<testng-results skipped="0" failed="0" ignored="0" total="3" passed="3">
  <reporter-output>
  </reporter-output>
  <suite name="Mobile Test Suite" duration-ms="99027" started-at="2021-07-21T15:00:50 EDT" finished-at="2021-07-21T15:02:29 EDT">
    <groups>
    </groups>
    <test name="Chrome test cases" duration-ms="99027" started-at="2021-07-21T15:00:50 EDT" finished-at="2021-07-21T15:02:29 EDT">
      <class name="com.romanceabroad.ui.MediaTests">
        <test-method status="PASS" signature="setup(java.lang.String,java.lang.String,java.lang.String,java.lang.String,java.lang.String,java.lang.String,java.lang.reflect.Method,org.testng.ITestContext)[pri:0, instance:com.romanceabroad.ui.MediaTests@64729b1e]" name="setup" is-config="true" duration-ms="27088" started-at="2021-07-21T15:01:55 EDT" finished-at="2021-07-21T15:02:22 EDT">
          <params>
            <param index="0">
              <value>
                <![CDATA[chrome]]>
              </value>
            </param>
            <param index="1">
              <value>
                <![CDATA[web]]>
              </value>
            </param>
            <param index="2">
              <value>
                <![CDATA[Windows 10]]>
              </value>
            </param>
            <param index="3">
              <value>
                <![CDATA[59.0]]>
              </value>
            </param>
            <param index="4">
              <value is-null="true"/>
            </param>
            <param index="5">
              <value>
                <![CDATA[qa]]>
              </value>
            </param>
            <param index="6">
              <value>
                <![CDATA[public void com.romanceabroad.ui.MediaTests.testGetLinkMediaAssertEqualTestCase1()]]>
              </value>
            </param>
            <param index="7">
              <value>
                <![CDATA[org.testng.TestRunner@22175d4f]]>
              </value>
            </param>
          </params>
          <reporter-output>
          </reporter-output>
        </test-method> <!-- setup -->
        <test-method status="PASS" signature="testGetLinkMediaAssertEqualTestCase1()[pri:0, instance:com.romanceabroad.ui.MediaTests@64729b1e]" name="testGetLinkMediaAssertEqualTestCase1" duration-ms="6609" started-at="2021-07-21T15:02:22 EDT" finished-at="2021-07-21T15:02:29 EDT">
          <reporter-output>
          </reporter-output>
        </test-method> <!-- testGetLinkMediaAssertEqualTestCase1 -->
        <test-method status="PASS" signature="afterActions(org.testng.ITestResult)[pri:0, instance:com.romanceabroad.ui.MediaTests@64729b1e]" name="afterActions" is-config="true" duration-ms="327" started-at="2021-07-21T15:02:29 EDT" finished-at="2021-07-21T15:02:29 EDT">
          <params>
            <param index="0">
              <value>
                <![CDATA[[TestResult name=testGetLinkMediaAssertEqualTestCase1 status=SUCCESS method=MediaTests.testGetLinkMediaAssertEqualTestCase1()[pri:0, instance:com.romanceabroad.ui.MediaTests@64729b1e] output={null}]]]>
              </value>
            </param>
          </params>
          <reporter-output>
          </reporter-output>
        </test-method> <!-- afterActions -->
      </class> <!-- com.romanceabroad.ui.MediaTests -->
      <class name="com.romanceabroad.ui.RegistrationTests2">
        <test-method status="PASS" signature="setup(java.lang.String,java.lang.String,java.lang.String,java.lang.String,java.lang.String,java.lang.String,java.lang.reflect.Method,org.testng.ITestContext)[pri:0, instance:com.romanceabroad.ui.RegistrationTests2@1dfe2924]" name="setup" is-config="true" duration-ms="19906" started-at="2021-07-21T15:00:50 EDT" finished-at="2021-07-21T15:01:10 EDT">
          <params>
            <param index="0">
              <value>
                <![CDATA[chrome]]>
              </value>
            </param>
            <param index="1">
              <value>
                <![CDATA[web]]>
              </value>
            </param>
            <param index="2">
              <value>
                <![CDATA[Windows 10]]>
              </value>
            </param>
            <param index="3">
              <value>
                <![CDATA[59.0]]>
              </value>
            </param>
            <param index="4">
              <value is-null="true"/>
            </param>
            <param index="5">
              <value>
                <![CDATA[qa]]>
              </value>
            </param>
            <param index="6">
              <value>
                <![CDATA[public void com.romanceabroad.ui.RegistrationTests2.selectRandomDropDownListMaxAgeTestCase12()]]>
              </value>
            </param>
            <param index="7">
              <value>
                <![CDATA[org.testng.TestRunner@22175d4f]]>
              </value>
            </param>
          </params>
          <reporter-output>
          </reporter-output>
        </test-method> <!-- setup -->
        <test-method status="PASS" signature="selectRandomDropDownListMaxAgeTestCase12()[pri:0, instance:com.romanceabroad.ui.RegistrationTests2@1dfe2924]" name="selectRandomDropDownListMaxAgeTestCase12" duration-ms="12091" started-at="2021-07-21T15:01:10 EDT" finished-at="2021-07-21T15:01:22 EDT">
          <reporter-output>
          </reporter-output>
        </test-method> <!-- selectRandomDropDownListMaxAgeTestCase12 -->
        <test-method status="PASS" signature="afterActions(org.testng.ITestResult)[pri:0, instance:com.romanceabroad.ui.RegistrationTests2@1dfe2924]" name="afterActions" is-config="true" duration-ms="1389" started-at="2021-07-21T15:01:22 EDT" finished-at="2021-07-21T15:01:24 EDT">
          <params>
            <param index="0">
              <value>
                <![CDATA[[TestResult name=selectRandomDropDownListMaxAgeTestCase12 status=SUCCESS method=RegistrationTests2.selectRandomDropDownListMaxAgeTestCase12()[pri:0, instance:com.romanceabroad.ui.RegistrationTests2@1dfe2924] output={null}]]]>
              </value>
            </param>
          </params>
          <reporter-output>
          </reporter-output>
        </test-method> <!-- afterActions -->
        <test-method status="PASS" signature="setup(java.lang.String,java.lang.String,java.lang.String,java.lang.String,java.lang.String,java.lang.String,java.lang.reflect.Method,org.testng.ITestContext)[pri:0, instance:com.romanceabroad.ui.RegistrationTests2@1dfe2924]" name="setup" is-config="true" duration-ms="16635" started-at="2021-07-21T15:01:24 EDT" finished-at="2021-07-21T15:01:40 EDT">
          <params>
            <param index="0">
              <value>
                <![CDATA[chrome]]>
              </value>
            </param>
            <param index="1">
              <value>
                <![CDATA[web]]>
              </value>
            </param>
            <param index="2">
              <value>
                <![CDATA[Windows 10]]>
              </value>
            </param>
            <param index="3">
              <value>
                <![CDATA[59.0]]>
              </value>
            </param>
            <param index="4">
              <value is-null="true"/>
            </param>
            <param index="5">
              <value>
                <![CDATA[qa]]>
              </value>
            </param>
            <param index="6">
              <value>
                <![CDATA[public void com.romanceabroad.ui.RegistrationTests2.testRegistrationTestCase1()]]>
              </value>
            </param>
            <param index="7">
              <value>
                <![CDATA[org.testng.TestRunner@22175d4f]]>
              </value>
            </param>
          </params>
          <reporter-output>
          </reporter-output>
        </test-method> <!-- setup -->
        <test-method status="PASS" signature="testRegistrationTestCase1()[pri:0, instance:com.romanceabroad.ui.RegistrationTests2@1dfe2924]" name="testRegistrationTestCase1" duration-ms="14196" started-at="2021-07-21T15:01:40 EDT" finished-at="2021-07-21T15:01:54 EDT">
          <reporter-output>
          </reporter-output>
        </test-method> <!-- testRegistrationTestCase1 -->
        <test-method status="PASS" signature="afterActions(org.testng.ITestResult)[pri:0, instance:com.romanceabroad.ui.RegistrationTests2@1dfe2924]" name="afterActions" is-config="true" duration-ms="539" started-at="2021-07-21T15:01:55 EDT" finished-at="2021-07-21T15:01:55 EDT">
          <params>
            <param index="0">
              <value>
                <![CDATA[[TestResult name=testRegistrationTestCase1 status=SUCCESS method=RegistrationTests2.testRegistrationTestCase1()[pri:0, instance:com.romanceabroad.ui.RegistrationTests2@1dfe2924] output={null}]]]>
              </value>
            </param>
          </params>
          <reporter-output>
          </reporter-output>
        </test-method> <!-- afterActions -->
      </class> <!-- com.romanceabroad.ui.RegistrationTests2 -->
    </test> <!-- Chrome test cases -->
  </suite> <!-- Mobile Test Suite -->
</testng-results>
