<?xml version="1.0" encoding="UTF-8"?>
<testsuite xmlns:xsi="http://www.w3.org/2001/XMLSchema-instance" xsi:noNamespaceSchemaLocation="https://maven.apache.org/surefire/maven-surefire-plugin/xsd/surefire-test-report-3.0.xsd" version="3.0" name="TestSuite" time="2,350.794" tests="19" errors="0" skipped="14" failures="4">
  <properties>
[...]
</properties>
  <testcase name="setup" classname="com.romanceabroad.ui.RegistrationTests2" time="604.799">
    <failure message="session not created&#10;from timeout: Timed out receiving message from renderer: 600.000&#10;  (Session info: chrome=91.0.4472.124)&#10;Build info: version: &apos;3.141.59&apos;, revision: &apos;e82be7d358&apos;, time: &apos;2018-11-14T08:17:03&apos;&#10;System info: host: &apos;LAPTOP-6T1ITKLO&apos;, ip: &apos;192.168.1.6&apos;, os.name: &apos;Windows 10&apos;, os.arch: &apos;amd64&apos;, os.version: &apos;10.0&apos;, java.version: &apos;1.8.0_291&apos;&#10;Driver info: driver.version: ChromeDriver&#10;remote stacktrace: Backtrace:&#10;	Ordinal0 [0x00C03733+2504499]&#10;	Ordinal0 [0x00B9C401+2081793]&#10;	Ordinal0 [0x00AA2628+1058344]&#10;	Ordinal0 [0x00A94EBF+1003199]&#10;	Ordinal0 [0x00A93EF9+999161]&#10;	Ordinal0 [0x00A941B6+999862]&#10;	Ordinal0 [0x00A93AA5+998053]&#10;	Ordinal0 [0x00A9E6B4+1042100]&#10;	Ordinal0 [0x00A93A61+997985]&#10;	Ordinal0 [0x00A94986+1001862]&#10;	Ordinal0 [0x00A93EF9+999161]&#10;	Ordinal0 [0x00A941B6+999862]&#10;	Ordinal0 [0x00A93AA5+998053]&#10;	Ordinal0 [0x00A9C73A+1034042]&#10;	Ordinal0 [0x00A93A61+997985]&#10;	Ordinal0 [0x00A94986+1001862]&#10;	Ordinal0 [0x00A93EF9+999161]&#10;	Ordinal0 [0x00A941B6+999862]&#10;	Ordinal0 [0x00A93AA5+998053]&#10;	Ordinal0 [0x00A9A5E9+1025513]&#10;	Ordinal0 [0x00A93A61+997985]&#10;	Ordinal0 [0x00A94986+1001862]&#10;	Ordinal0 [0x00A93EF9+999161]&#10;	Ordinal0 [0x00A941B6+999862]&#10;	Ordinal0 [0x00A93AA5+998053]&#10;	Ordinal0 [0x00A9990C+1022220]&#10;	Ordinal0 [0x00A93A61+997985]&#10;	Ordinal0 [0x00A94986+1001862]&#10;	Ordinal0 [0x00A93EF9+999161]&#10;	Ordinal0 [0x00A941B6+999862]&#10;	Ordinal0 [0x00A93AA5+998053]&#10;	Ordinal0 [0x00A8F5DD+980445]&#10;	Ordinal0 [0x00A93A61+997985]&#10;	Ordinal0 [0x00A93800+997376]&#10;	Ordinal0 [0x00A93599+996761]&#10;	Ordinal0 [0x00AA3830+1062960]&#10;	Ordinal0 [0x00AEABB9+1354681]&#10;	Ordinal0 [0x00AE97DA+1349594]&#10;	Ordinal0 [0x00AE5D4B+1334603]&#10;	Ordinal0 [0x00AC22B4+1188532]&#10;	Ordinal0 [0x00AC3149+1192265]&#10;	GetHandleVerifier [0x00D7FB8C+1512252]&#10;	GetHandleVerifier [0x00E2B0DF+2214031]&#10;	GetHandleVerifier [0x00C84BC3+484211]&#10;	GetHandleVerifier [0x00C83E69+480793]&#10;	Ordinal0 [0x00BA218D+2105741]&#10;	Ordinal0 [0x00BA66E8+2123496]&#10;	Ordinal0 [0x00BA6827+2123815]&#10;	Ordinal0 [0x00BAFB73+2161523]&#10;	BaseThreadInitThunk [0x750DFA29+25]&#10;	RtlGetAppContainerNamedObjectPath [0x77277A7E+286]&#10;	RtlGetAppContainerNamedObjectPath [0x77277A4E+238]&#10;" type="org.openqa.selenium.SessionNotCreatedException">org.openqa.selenium.SessionNotCreatedException: 
session not created
from timeout: Timed out receiving message from renderer: 600.000
  (Session info: chrome=91.0.4472.124)
Build info: version: '3.141.59', revision: 'e82be7d358', time: '2018-11-14T08:17:03'
System info: host: 'LAPTOP-6T1ITKLO', ip: '192.168.1.6', os.name: 'Windows 10', os.arch: 'amd64', os.version: '10.0', java.version: '1.8.0_291'
Driver info: driver.version: ChromeDriver
remote stacktrace: Backtrace:
	Ordinal0 [0x00C03733+2504499]
	Ordinal0 [0x00B9C401+2081793]
	Ordinal0 [0x00AA2628+1058344]
	Ordinal0 [0x00A94EBF+1003199]
	Ordinal0 [0x00A93EF9+999161]
	Ordinal0 [0x00A941B6+999862]
	Ordinal0 [0x00A93AA5+998053]
	Ordinal0 [0x00A9E6B4+1042100]
	Ordinal0 [0x00A93A61+997985]
	Ordinal0 [0x00A94986+1001862]
	Ordinal0 [0x00A93EF9+999161]
	Ordinal0 [0x00A941B6+999862]
	Ordinal0 [0x00A93AA5+998053]
	Ordinal0 [0x00A9C73A+1034042]
	Ordinal0 [0x00A93A61+997985]
	Ordinal0 [0x00A94986+1001862]
	Ordinal0 [0x00A93EF9+999161]
	Ordinal0 [0x00A941B6+999862]
	Ordinal0 [0x00A93AA5+998053]
	Ordinal0 [0x00A9A5E9+1025513]
	Ordinal0 [0x00A93A61+997985]
	Ordinal0 [0x00A94986+1001862]
	Ordinal0 [0x00A93EF9+999161]
	Ordinal0 [0x00A941B6+999862]
	Ordinal0 [0x00A93AA5+998053]
	Ordinal0 [0x00A9990C+1022220]
	Ordinal0 [0x00A93A61+997985]
	Ordinal0 [0x00A94986+1001862]
	Ordinal0 [0x00A93EF9+999161]
	Ordinal0 [0x00A941B6+999862]
	Ordinal0 [0x00A93AA5+998053]
	Ordinal0 [0x00A8F5DD+980445]
	Ordinal0 [0x00A93A61+997985]
	Ordinal0 [0x00A93800+997376]
	Ordinal0 [0x00A93599+996761]
	Ordinal0 [0x00AA3830+1062960]
	Ordinal0 [0x00AEABB9+1354681]
	Ordinal0 [0x00AE97DA+1349594]
	Ordinal0 [0x00AE5D4B+1334603]
	Ordinal0 [0x00AC22B4+1188532]
	Ordinal0 [0x00AC3149+1192265]
	GetHandleVerifier [0x00D7FB8C+1512252]
	GetHandleVerifier [0x00E2B0DF+2214031]
	GetHandleVerifier [0x00C84BC3+484211]
	GetHandleVerifier [0x00C83E69+480793]
	Ordinal0 [0x00BA218D+2105741]
	Ordinal0 [0x00BA66E8+2123496]
	Ordinal0 [0x00BA6827+2123815]
	Ordinal0 [0x00BAFB73+2161523]
	BaseThreadInitThunk [0x750DFA29+25]
	RtlGetAppContainerNamedObjectPath [0x77277A7E+286]
	RtlGetAppContainerNamedObjectPath [0x77277A4E+238]

</failure>
    <system-out><![CDATA[Chrome
]]></system-out>
    <system-err><![CDATA[Starting ChromeDriver 91.0.4472.101 (af52a90bf87030dd1523486a1cd3ae25c5d76c9b-refs/branch-heads/4472@{#1462}) on port 44081
Only local connections are allowed.
Please see https://chromedriver.chromium.org/security-considerations for suggestions on keeping ChromeDriver safe.
ChromeDriver was started successfully.
[1626807216.794][SEVERE]: Timed out receiving message from renderer: 600.000
]]></system-err>
  </testcase>
  <testcase name="selectRandomDropDownListMaxAgeTestCase12" classname="com.romanceabroad.ui.RegistrationTests2" time="0">
    <skipped message="session not created&#10;from timeout: Timed out receiving message from renderer: 600.000&#10;  (Session info: chrome=91.0.4472.124)&#10;Build info: version: &apos;3.141.59&apos;, revision: &apos;e82be7d358&apos;, time: &apos;2018-11-14T08:17:03&apos;&#10;System info: host: &apos;LAPTOP-6T1ITKLO&apos;, ip: &apos;192.168.1.6&apos;, os.name: &apos;Windows 10&apos;, os.arch: &apos;amd64&apos;, os.version: &apos;10.0&apos;, java.version: &apos;1.8.0_291&apos;&#10;Driver info: driver.version: ChromeDriver&#10;remote stacktrace: Backtrace:&#10;	Ordinal0 [0x00C03733+2504499]&#10;	Ordinal0 [0x00B9C401+2081793]&#10;	Ordinal0 [0x00AA2628+1058344]&#10;	Ordinal0 [0x00A94EBF+1003199]&#10;	Ordinal0 [0x00A93EF9+999161]&#10;	Ordinal0 [0x00A941B6+999862]&#10;	Ordinal0 [0x00A93AA5+998053]&#10;	Ordinal0 [0x00A9E6B4+1042100]&#10;	Ordinal0 [0x00A93A61+997985]&#10;	Ordinal0 [0x00A94986+1001862]&#10;	Ordinal0 [0x00A93EF9+999161]&#10;	Ordinal0 [0x00A941B6+999862]&#10;	Ordinal0 [0x00A93AA5+998053]&#10;	Ordinal0 [0x00A9C73A+1034042]&#10;	Ordinal0 [0x00A93A61+997985]&#10;	Ordinal0 [0x00A94986+1001862]&#10;	Ordinal0 [0x00A93EF9+999161]&#10;	Ordinal0 [0x00A941B6+999862]&#10;	Ordinal0 [0x00A93AA5+998053]&#10;	Ordinal0 [0x00A9A5E9+1025513]&#10;	Ordinal0 [0x00A93A61+997985]&#10;	Ordinal0 [0x00A94986+1001862]&#10;	Ordinal0 [0x00A93EF9+999161]&#10;	Ordinal0 [0x00A941B6+999862]&#10;	Ordinal0 [0x00A93AA5+998053]&#10;	Ordinal0 [0x00A9990C+1022220]&#10;	Ordinal0 [0x00A93A61+997985]&#10;	Ordinal0 [0x00A94986+1001862]&#10;	Ordinal0 [0x00A93EF9+999161]&#10;	Ordinal0 [0x00A941B6+999862]&#10;	Ordinal0 [0x00A93AA5+998053]&#10;	Ordinal0 [0x00A8F5DD+980445]&#10;	Ordinal0 [0x00A93A61+997985]&#10;	Ordinal0 [0x00A93800+997376]&#10;	Ordinal0 [0x00A93599+996761]&#10;	Ordinal0 [0x00AA3830+1062960]&#10;	Ordinal0 [0x00AEABB9+1354681]&#10;	Ordinal0 [0x00AE97DA+1349594]&#10;	Ordinal0 [0x00AE5D4B+1334603]&#10;	Ordinal0 [0x00AC22B4+1188532]&#10;	Ordinal0 [0x00AC3149+1192265]&#10;	GetHandleVerifier [0x00D7FB8C+1512252]&#10;	GetHandleVerifier [0x00E2B0DF+2214031]&#10;	GetHandleVerifier [0x00C84BC3+484211]&#10;	GetHandleVerifier [0x00C83E69+480793]&#10;	Ordinal0 [0x00BA218D+2105741]&#10;	Ordinal0 [0x00BA66E8+2123496]&#10;	Ordinal0 [0x00BA6827+2123815]&#10;	Ordinal0 [0x00BAFB73+2161523]&#10;	BaseThreadInitThunk [0x750DFA29+25]&#10;	RtlGetAppContainerNamedObjectPath [0x77277A7E+286]&#10;	RtlGetAppContainerNamedObjectPath [0x77277A4E+238]&#10;"/>
  </testcase>
  <testcase name="afterActions" classname="com.romanceabroad.ui.RegistrationTests2" time="0">
    <skipped/>
  </testcase>
  <testcase name="afterActions" classname="com.romanceabroad.ui.RegistrationTests2" time="0">
    <skipped/>
  </testcase>
  <testcase name="testRegistrationTestCase1" classname="com.romanceabroad.ui.RegistrationTests2" time="0">
    <skipped message="session not created&#10;from timeout: Timed out receiving message from renderer: 600.000&#10;  (Session info: chrome=91.0.4472.124)&#10;Build info: version: &apos;3.141.59&apos;, revision: &apos;e82be7d358&apos;, time: &apos;2018-11-14T08:17:03&apos;&#10;System info: host: &apos;LAPTOP-6T1ITKLO&apos;, ip: &apos;192.168.1.6&apos;, os.name: &apos;Windows 10&apos;, os.arch: &apos;amd64&apos;, os.version: &apos;10.0&apos;, java.version: &apos;1.8.0_291&apos;&#10;Driver info: driver.version: ChromeDriver&#10;remote stacktrace: Backtrace:&#10;	Ordinal0 [0x00C03733+2504499]&#10;	Ordinal0 [0x00B9C401+2081793]&#10;	Ordinal0 [0x00AA2628+1058344]&#10;	Ordinal0 [0x00A94EBF+1003199]&#10;	Ordinal0 [0x00A93EF9+999161]&#10;	Ordinal0 [0x00A941B6+999862]&#10;	Ordinal0 [0x00A93AA5+998053]&#10;	Ordinal0 [0x00A9E6B4+1042100]&#10;	Ordinal0 [0x00A93A61+997985]&#10;	Ordinal0 [0x00A94986+1001862]&#10;	Ordinal0 [0x00A93EF9+999161]&#10;	Ordinal0 [0x00A941B6+999862]&#10;	Ordinal0 [0x00A93AA5+998053]&#10;	Ordinal0 [0x00A9C73A+1034042]&#10;	Ordinal0 [0x00A93A61+997985]&#10;	Ordinal0 [0x00A94986+1001862]&#10;	Ordinal0 [0x00A93EF9+999161]&#10;	Ordinal0 [0x00A941B6+999862]&#10;	Ordinal0 [0x00A93AA5+998053]&#10;	Ordinal0 [0x00A9A5E9+1025513]&#10;	Ordinal0 [0x00A93A61+997985]&#10;	Ordinal0 [0x00A94986+1001862]&#10;	Ordinal0 [0x00A93EF9+999161]&#10;	Ordinal0 [0x00A941B6+999862]&#10;	Ordinal0 [0x00A93AA5+998053]&#10;	Ordinal0 [0x00A9990C+1022220]&#10;	Ordinal0 [0x00A93A61+997985]&#10;	Ordinal0 [0x00A94986+1001862]&#10;	Ordinal0 [0x00A93EF9+999161]&#10;	Ordinal0 [0x00A941B6+999862]&#10;	Ordinal0 [0x00A93AA5+998053]&#10;	Ordinal0 [0x00A8F5DD+980445]&#10;	Ordinal0 [0x00A93A61+997985]&#10;	Ordinal0 [0x00A93800+997376]&#10;	Ordinal0 [0x00A93599+996761]&#10;	Ordinal0 [0x00AA3830+1062960]&#10;	Ordinal0 [0x00AEABB9+1354681]&#10;	Ordinal0 [0x00AE97DA+1349594]&#10;	Ordinal0 [0x00AE5D4B+1334603]&#10;	Ordinal0 [0x00AC22B4+1188532]&#10;	Ordinal0 [0x00AC3149+1192265]&#10;	GetHandleVerifier [0x00D7FB8C+1512252]&#10;	GetHandleVerifier [0x00E2B0DF+2214031]&#10;	GetHandleVerifier [0x00C84BC3+484211]&#10;	GetHandleVerifier [0x00C83E69+480793]&#10;	Ordinal0 [0x00BA218D+2105741]&#10;	Ordinal0 [0x00BA66E8+2123496]&#10;	Ordinal0 [0x00BA6827+2123815]&#10;	Ordinal0 [0x00BAFB73+2161523]&#10;	BaseThreadInitThunk [0x750DFA29+25]&#10;	RtlGetAppContainerNamedObjectPath [0x77277A7E+286]&#10;	RtlGetAppContainerNamedObjectPath [0x77277A4E+238]&#10;"/>
    <system-out><![CDATA[Chrome
]]></system-out>
    <system-err><![CDATA[Starting ChromeDriver 91.0.4472.101 (af52a90bf87030dd1523486a1cd3ae25c5d76c9b-refs/branch-heads/4472@{#1462}) on port 24437
Only local connections are allowed.
Please see https://chromedriver.chromium.org/security-considerations for suggestions on keeping ChromeDriver safe.
ChromeDriver was started successfully.
Jul 20, 2021 2:53:40 PM org.openqa.selenium.remote.ProtocolHandshake createSession
INFO: Detected dialect: W3C
Video recording
[C:\Users\Dana1\GitHub\romance05\romanceabroad05\video\Registration test_recording_2021_20_07_14_53_47.avi]
]]></system-err>
  </testcase>
  <testcase name="testBlogAssertEqualTestCase1" classname="com.romanceabroad.ui.BlogTests" time="2.847"/>
  <testcase name="setup" classname="com.romanceabroad.ui.BlogTests" time="605.607">
    <failure message="session not created&#10;from timeout: Timed out receiving message from renderer: 600.000&#10;  (Session info: chrome=91.0.4472.124)&#10;Build info: version: &apos;3.141.59&apos;, revision: &apos;e82be7d358&apos;, time: &apos;2018-11-14T08:17:03&apos;&#10;System info: host: &apos;LAPTOP-6T1ITKLO&apos;, ip: &apos;192.168.1.6&apos;, os.name: &apos;Windows 10&apos;, os.arch: &apos;amd64&apos;, os.version: &apos;10.0&apos;, java.version: &apos;1.8.0_291&apos;&#10;Driver info: driver.version: ChromeDriver&#10;remote stacktrace: Backtrace:&#10;	Ordinal0 [0x00C03733+2504499]&#10;	Ordinal0 [0x00B9C401+2081793]&#10;	Ordinal0 [0x00AA2628+1058344]&#10;	Ordinal0 [0x00A94EBF+1003199]&#10;	Ordinal0 [0x00A93EF9+999161]&#10;	Ordinal0 [0x00A941B6+999862]&#10;	Ordinal0 [0x00A93AA5+998053]&#10;	Ordinal0 [0x00A9E6B4+1042100]&#10;	Ordinal0 [0x00A93A61+997985]&#10;	Ordinal0 [0x00A94986+1001862]&#10;	Ordinal0 [0x00A93EF9+999161]&#10;	Ordinal0 [0x00A941B6+999862]&#10;	Ordinal0 [0x00A93AA5+998053]&#10;	Ordinal0 [0x00A9C73A+1034042]&#10;	Ordinal0 [0x00A93A61+997985]&#10;	Ordinal0 [0x00A94986+1001862]&#10;	Ordinal0 [0x00A93EF9+999161]&#10;	Ordinal0 [0x00A941B6+999862]&#10;	Ordinal0 [0x00A93AA5+998053]&#10;	Ordinal0 [0x00A9A5E9+1025513]&#10;	Ordinal0 [0x00A93A61+997985]&#10;	Ordinal0 [0x00A94986+1001862]&#10;	Ordinal0 [0x00A93EF9+999161]&#10;	Ordinal0 [0x00A941B6+999862]&#10;	Ordinal0 [0x00A93AA5+998053]&#10;	Ordinal0 [0x00A9990C+1022220]&#10;	Ordinal0 [0x00A93A61+997985]&#10;	Ordinal0 [0x00A94986+1001862]&#10;	Ordinal0 [0x00A93EF9+999161]&#10;	Ordinal0 [0x00A941B6+999862]&#10;	Ordinal0 [0x00A93AA5+998053]&#10;	Ordinal0 [0x00A8F5DD+980445]&#10;	Ordinal0 [0x00A93A61+997985]&#10;	Ordinal0 [0x00A93800+997376]&#10;	Ordinal0 [0x00A93599+996761]&#10;	Ordinal0 [0x00AA3830+1062960]&#10;	Ordinal0 [0x00AEABB9+1354681]&#10;	Ordinal0 [0x00AE97DA+1349594]&#10;	Ordinal0 [0x00AE5D4B+1334603]&#10;	Ordinal0 [0x00AC22B4+1188532]&#10;	Ordinal0 [0x00AC3149+1192265]&#10;	GetHandleVerifier [0x00D7FB8C+1512252]&#10;	GetHandleVerifier [0x00E2B0DF+2214031]&#10;	GetHandleVerifier [0x00C84BC3+484211]&#10;	GetHandleVerifier [0x00C83E69+480793]&#10;	Ordinal0 [0x00BA218D+2105741]&#10;	Ordinal0 [0x00BA66E8+2123496]&#10;	Ordinal0 [0x00BA6827+2123815]&#10;	Ordinal0 [0x00BAFB73+2161523]&#10;	BaseThreadInitThunk [0x750DFA29+25]&#10;	RtlGetAppContainerNamedObjectPath [0x77277A7E+286]&#10;	RtlGetAppContainerNamedObjectPath [0x77277A4E+238]&#10;" type="org.openqa.selenium.SessionNotCreatedException">org.openqa.selenium.SessionNotCreatedException: 
session not created
from timeout: Timed out receiving message from renderer: 600.000
  (Session info: chrome=91.0.4472.124)
Build info: version: '3.141.59', revision: 'e82be7d358', time: '2018-11-14T08:17:03'
System info: host: 'LAPTOP-6T1ITKLO', ip: '192.168.1.6', os.name: 'Windows 10', os.arch: 'amd64', os.version: '10.0', java.version: '1.8.0_291'
Driver info: driver.version: ChromeDriver
remote stacktrace: Backtrace:
	Ordinal0 [0x00C03733+2504499]
	Ordinal0 [0x00B9C401+2081793]
	Ordinal0 [0x00AA2628+1058344]
	Ordinal0 [0x00A94EBF+1003199]
	Ordinal0 [0x00A93EF9+999161]
	Ordinal0 [0x00A941B6+999862]
	Ordinal0 [0x00A93AA5+998053]
	Ordinal0 [0x00A9E6B4+1042100]
	Ordinal0 [0x00A93A61+997985]
	Ordinal0 [0x00A94986+1001862]
	Ordinal0 [0x00A93EF9+999161]
	Ordinal0 [0x00A941B6+999862]
	Ordinal0 [0x00A93AA5+998053]
	Ordinal0 [0x00A9C73A+1034042]
	Ordinal0 [0x00A93A61+997985]
	Ordinal0 [0x00A94986+1001862]
	Ordinal0 [0x00A93EF9+999161]
	Ordinal0 [0x00A941B6+999862]
	Ordinal0 [0x00A93AA5+998053]
	Ordinal0 [0x00A9A5E9+1025513]
	Ordinal0 [0x00A93A61+997985]
	Ordinal0 [0x00A94986+1001862]
	Ordinal0 [0x00A93EF9+999161]
	Ordinal0 [0x00A941B6+999862]
	Ordinal0 [0x00A93AA5+998053]
	Ordinal0 [0x00A9990C+1022220]
	Ordinal0 [0x00A93A61+997985]
	Ordinal0 [0x00A94986+1001862]
	Ordinal0 [0x00A93EF9+999161]
	Ordinal0 [0x00A941B6+999862]
	Ordinal0 [0x00A93AA5+998053]
	Ordinal0 [0x00A8F5DD+980445]
	Ordinal0 [0x00A93A61+997985]
	Ordinal0 [0x00A93800+997376]
	Ordinal0 [0x00A93599+996761]
	Ordinal0 [0x00AA3830+1062960]
	Ordinal0 [0x00AEABB9+1354681]
	Ordinal0 [0x00AE97DA+1349594]
	Ordinal0 [0x00AE5D4B+1334603]
	Ordinal0 [0x00AC22B4+1188532]
	Ordinal0 [0x00AC3149+1192265]
	GetHandleVerifier [0x00D7FB8C+1512252]
	GetHandleVerifier [0x00E2B0DF+2214031]
	GetHandleVerifier [0x00C84BC3+484211]
	GetHandleVerifier [0x00C83E69+480793]
	Ordinal0 [0x00BA218D+2105741]
	Ordinal0 [0x00BA66E8+2123496]
	Ordinal0 [0x00BA6827+2123815]
	Ordinal0 [0x00BAFB73+2161523]
	BaseThreadInitThunk [0x750DFA29+25]
	RtlGetAppContainerNamedObjectPath [0x77277A7E+286]
	RtlGetAppContainerNamedObjectPath [0x77277A4E+238]

</failure>
    <system-out><![CDATA[Chrome
]]></system-out>
    <system-err><![CDATA[Starting ChromeDriver 91.0.4472.101 (af52a90bf87030dd1523486a1cd3ae25c5d76c9b-refs/branch-heads/4472@{#1462}) on port 3686
Only local connections are allowed.
Please see https://chromedriver.chromium.org/security-considerations for suggestions on keeping ChromeDriver safe.
ChromeDriver was started successfully.
[1626807840.838][SEVERE]: Timed out receiving message from renderer: 600.000
]]></system-err>
  </testcase>
  <testcase name="setup" classname="com.romanceabroad.ui.BlogTests" time="603.086">
    <failure message="session not created&#10;from timeout: Timed out receiving message from renderer: 600.000&#10;  (Session info: chrome=91.0.4472.124)&#10;Build info: version: &apos;3.141.59&apos;, revision: &apos;e82be7d358&apos;, time: &apos;2018-11-14T08:17:03&apos;&#10;System info: host: &apos;LAPTOP-6T1ITKLO&apos;, ip: &apos;192.168.1.6&apos;, os.name: &apos;Windows 10&apos;, os.arch: &apos;amd64&apos;, os.version: &apos;10.0&apos;, java.version: &apos;1.8.0_291&apos;&#10;Driver info: driver.version: ChromeDriver&#10;remote stacktrace: Backtrace:&#10;	Ordinal0 [0x00C03733+2504499]&#10;	Ordinal0 [0x00B9C401+2081793]&#10;	Ordinal0 [0x00AA2628+1058344]&#10;	Ordinal0 [0x00A94EBF+1003199]&#10;	Ordinal0 [0x00A93EF9+999161]&#10;	Ordinal0 [0x00A941B6+999862]&#10;	Ordinal0 [0x00A93AA5+998053]&#10;	Ordinal0 [0x00A9E6B4+1042100]&#10;	Ordinal0 [0x00A93A61+997985]&#10;	Ordinal0 [0x00A94986+1001862]&#10;	Ordinal0 [0x00A93EF9+999161]&#10;	Ordinal0 [0x00A941B6+999862]&#10;	Ordinal0 [0x00A93AA5+998053]&#10;	Ordinal0 [0x00A9C73A+1034042]&#10;	Ordinal0 [0x00A93A61+997985]&#10;	Ordinal0 [0x00A94986+1001862]&#10;	Ordinal0 [0x00A93EF9+999161]&#10;	Ordinal0 [0x00A941B6+999862]&#10;	Ordinal0 [0x00A93AA5+998053]&#10;	Ordinal0 [0x00A9A5E9+1025513]&#10;	Ordinal0 [0x00A93A61+997985]&#10;	Ordinal0 [0x00A94986+1001862]&#10;	Ordinal0 [0x00A93EF9+999161]&#10;	Ordinal0 [0x00A941B6+999862]&#10;	Ordinal0 [0x00A93AA5+998053]&#10;	Ordinal0 [0x00A9990C+1022220]&#10;	Ordinal0 [0x00A93A61+997985]&#10;	Ordinal0 [0x00A94986+1001862]&#10;	Ordinal0 [0x00A93EF9+999161]&#10;	Ordinal0 [0x00A941B6+999862]&#10;	Ordinal0 [0x00A93AA5+998053]&#10;	Ordinal0 [0x00A8F5DD+980445]&#10;	Ordinal0 [0x00A93A61+997985]&#10;	Ordinal0 [0x00A93800+997376]&#10;	Ordinal0 [0x00A93599+996761]&#10;	Ordinal0 [0x00AA3830+1062960]&#10;	Ordinal0 [0x00AEABB9+1354681]&#10;	Ordinal0 [0x00AE97DA+1349594]&#10;	Ordinal0 [0x00AE5D4B+1334603]&#10;	Ordinal0 [0x00AC22B4+1188532]&#10;	Ordinal0 [0x00AC3149+1192265]&#10;	GetHandleVerifier [0x00D7FB8C+1512252]&#10;	GetHandleVerifier [0x00E2B0DF+2214031]&#10;	GetHandleVerifier [0x00C84BC3+484211]&#10;	GetHandleVerifier [0x00C83E69+480793]&#10;	Ordinal0 [0x00BA218D+2105741]&#10;	Ordinal0 [0x00BA66E8+2123496]&#10;	Ordinal0 [0x00BA6827+2123815]&#10;	Ordinal0 [0x00BAFB73+2161523]&#10;	BaseThreadInitThunk [0x750DFA29+25]&#10;	RtlGetAppContainerNamedObjectPath [0x77277A7E+286]&#10;	RtlGetAppContainerNamedObjectPath [0x77277A4E+238]&#10;" type="org.openqa.selenium.SessionNotCreatedException">org.openqa.selenium.SessionNotCreatedException: 
session not created
from timeout: Timed out receiving message from renderer: 600.000
  (Session info: chrome=91.0.4472.124)
Build info: version: '3.141.59', revision: 'e82be7d358', time: '2018-11-14T08:17:03'
System info: host: 'LAPTOP-6T1ITKLO', ip: '192.168.1.6', os.name: 'Windows 10', os.arch: 'amd64', os.version: '10.0', java.version: '1.8.0_291'
Driver info: driver.version: ChromeDriver
remote stacktrace: Backtrace:
	Ordinal0 [0x00C03733+2504499]
	Ordinal0 [0x00B9C401+2081793]
	Ordinal0 [0x00AA2628+1058344]
	Ordinal0 [0x00A94EBF+1003199]
	Ordinal0 [0x00A93EF9+999161]
	Ordinal0 [0x00A941B6+999862]
	Ordinal0 [0x00A93AA5+998053]
	Ordinal0 [0x00A9E6B4+1042100]
	Ordinal0 [0x00A93A61+997985]
	Ordinal0 [0x00A94986+1001862]
	Ordinal0 [0x00A93EF9+999161]
	Ordinal0 [0x00A941B6+999862]
	Ordinal0 [0x00A93AA5+998053]
	Ordinal0 [0x00A9C73A+1034042]
	Ordinal0 [0x00A93A61+997985]
	Ordinal0 [0x00A94986+1001862]
	Ordinal0 [0x00A93EF9+999161]
	Ordinal0 [0x00A941B6+999862]
	Ordinal0 [0x00A93AA5+998053]
	Ordinal0 [0x00A9A5E9+1025513]
	Ordinal0 [0x00A93A61+997985]
	Ordinal0 [0x00A94986+1001862]
	Ordinal0 [0x00A93EF9+999161]
	Ordinal0 [0x00A941B6+999862]
	Ordinal0 [0x00A93AA5+998053]
	Ordinal0 [0x00A9990C+1022220]
	Ordinal0 [0x00A93A61+997985]
	Ordinal0 [0x00A94986+1001862]
	Ordinal0 [0x00A93EF9+999161]
	Ordinal0 [0x00A941B6+999862]
	Ordinal0 [0x00A93AA5+998053]
	Ordinal0 [0x00A8F5DD+980445]
	Ordinal0 [0x00A93A61+997985]
	Ordinal0 [0x00A93800+997376]
	Ordinal0 [0x00A93599+996761]
	Ordinal0 [0x00AA3830+1062960]
	Ordinal0 [0x00AEABB9+1354681]
	Ordinal0 [0x00AE97DA+1349594]
	Ordinal0 [0x00AE5D4B+1334603]
	Ordinal0 [0x00AC22B4+1188532]
	Ordinal0 [0x00AC3149+1192265]
	GetHandleVerifier [0x00D7FB8C+1512252]
	GetHandleVerifier [0x00E2B0DF+2214031]
	GetHandleVerifier [0x00C84BC3+484211]
	GetHandleVerifier [0x00C83E69+480793]
	Ordinal0 [0x00BA218D+2105741]
	Ordinal0 [0x00BA66E8+2123496]
	Ordinal0 [0x00BA6827+2123815]
	Ordinal0 [0x00BAFB73+2161523]
	BaseThreadInitThunk [0x750DFA29+25]
	RtlGetAppContainerNamedObjectPath [0x77277A7E+286]
	RtlGetAppContainerNamedObjectPath [0x77277A4E+238]

</failure>
    <system-out><![CDATA[Chrome
]]></system-out>
    <system-err><![CDATA[Starting ChromeDriver 91.0.4472.101 (af52a90bf87030dd1523486a1cd3ae25c5d76c9b-refs/branch-heads/4472@{#1462}) on port 15505
Only local connections are allowed.
Please see https://chromedriver.chromium.org/security-considerations for suggestions on keeping ChromeDriver safe.
ChromeDriver was started successfully.
[1626808464.351][SEVERE]: Timed out receiving message from renderer: 600.000
]]></system-err>
  </testcase>
  <testcase name="setup" classname="com.romanceabroad.ui.BlogTests" time="491.672">
    <failure message="session not created&#10;from disconnected: Unable to receive message from renderer&#10;  (Session info: chrome=91.0.4472.124)&#10;Build info: version: &apos;3.141.59&apos;, revision: &apos;e82be7d358&apos;, time: &apos;2018-11-14T08:17:03&apos;&#10;System info: host: &apos;LAPTOP-6T1ITKLO&apos;, ip: &apos;192.168.1.6&apos;, os.name: &apos;Windows 10&apos;, os.arch: &apos;amd64&apos;, os.version: &apos;10.0&apos;, java.version: &apos;1.8.0_291&apos;&#10;Driver info: driver.version: ChromeDriver&#10;remote stacktrace: Backtrace:&#10;	Ordinal0 [0x00C03733+2504499]&#10;	Ordinal0 [0x00B9C401+2081793]&#10;	Ordinal0 [0x00AA2628+1058344]&#10;	Ordinal0 [0x00A94F79+1003385]&#10;	Ordinal0 [0x00A93EF9+999161]&#10;	Ordinal0 [0x00A941B6+999862]&#10;	Ordinal0 [0x00A93AA5+998053]&#10;	Ordinal0 [0x00A9E6B4+1042100]&#10;	Ordinal0 [0x00A93A61+997985]&#10;	Ordinal0 [0x00A94986+1001862]&#10;	Ordinal0 [0x00A93EF9+999161]&#10;	Ordinal0 [0x00A941B6+999862]&#10;	Ordinal0 [0x00A93AA5+998053]&#10;	Ordinal0 [0x00A9C73A+1034042]&#10;	Ordinal0 [0x00A93A61+997985]&#10;	Ordinal0 [0x00A94986+1001862]&#10;	Ordinal0 [0x00A93EF9+999161]&#10;	Ordinal0 [0x00A941B6+999862]&#10;	Ordinal0 [0x00A93AA5+998053]&#10;	Ordinal0 [0x00A9A5E9+1025513]&#10;	Ordinal0 [0x00A93A61+997985]&#10;	Ordinal0 [0x00A94986+1001862]&#10;	Ordinal0 [0x00A93EF9+999161]&#10;	Ordinal0 [0x00A941B6+999862]&#10;	Ordinal0 [0x00A93AA5+998053]&#10;	Ordinal0 [0x00A9990C+1022220]&#10;	Ordinal0 [0x00A93A61+997985]&#10;	Ordinal0 [0x00A94986+1001862]&#10;	Ordinal0 [0x00A93EF9+999161]&#10;	Ordinal0 [0x00A941B6+999862]&#10;	Ordinal0 [0x00A93AA5+998053]&#10;	Ordinal0 [0x00A8F5DD+980445]&#10;	Ordinal0 [0x00A93A61+997985]&#10;	Ordinal0 [0x00A93800+997376]&#10;	Ordinal0 [0x00A93599+996761]&#10;	Ordinal0 [0x00AA3830+1062960]&#10;	Ordinal0 [0x00AEABB9+1354681]&#10;	Ordinal0 [0x00AE97DA+1349594]&#10;	Ordinal0 [0x00AE5D4B+1334603]&#10;	Ordinal0 [0x00AC22B4+1188532]&#10;	Ordinal0 [0x00AC3149+1192265]&#10;	GetHandleVerifier [0x00D7FB8C+1512252]&#10;	GetHandleVerifier [0x00E2B0DF+2214031]&#10;	GetHandleVerifier [0x00C84BC3+484211]&#10;	GetHandleVerifier [0x00C83E69+480793]&#10;	Ordinal0 [0x00BA218D+2105741]&#10;	Ordinal0 [0x00BA66E8+2123496]&#10;	Ordinal0 [0x00BA6827+2123815]&#10;	Ordinal0 [0x00BAFB73+2161523]&#10;	BaseThreadInitThunk [0x750DFA29+25]&#10;	RtlGetAppContainerNamedObjectPath [0x77277A7E+286]&#10;	RtlGetAppContainerNamedObjectPath [0x77277A4E+238]&#10;" type="org.openqa.selenium.SessionNotCreatedException">org.openqa.selenium.SessionNotCreatedException: 
session not created
from disconnected: Unable to receive message from renderer
  (Session info: chrome=91.0.4472.124)
Build info: version: '3.141.59', revision: 'e82be7d358', time: '2018-11-14T08:17:03'
System info: host: 'LAPTOP-6T1ITKLO', ip: '192.168.1.6', os.name: 'Windows 10', os.arch: 'amd64', os.version: '10.0', java.version: '1.8.0_291'
Driver info: driver.version: ChromeDriver
remote stacktrace: Backtrace:
	Ordinal0 [0x00C03733+2504499]
	Ordinal0 [0x00B9C401+2081793]
	Ordinal0 [0x00AA2628+1058344]
	Ordinal0 [0x00A94F79+1003385]
	Ordinal0 [0x00A93EF9+999161]
	Ordinal0 [0x00A941B6+999862]
	Ordinal0 [0x00A93AA5+998053]
	Ordinal0 [0x00A9E6B4+1042100]
	Ordinal0 [0x00A93A61+997985]
	Ordinal0 [0x00A94986+1001862]
	Ordinal0 [0x00A93EF9+999161]
	Ordinal0 [0x00A941B6+999862]
	Ordinal0 [0x00A93AA5+998053]
	Ordinal0 [0x00A9C73A+1034042]
	Ordinal0 [0x00A93A61+997985]
	Ordinal0 [0x00A94986+1001862]
	Ordinal0 [0x00A93EF9+999161]
	Ordinal0 [0x00A941B6+999862]
	Ordinal0 [0x00A93AA5+998053]
	Ordinal0 [0x00A9A5E9+1025513]
	Ordinal0 [0x00A93A61+997985]
	Ordinal0 [0x00A94986+1001862]
	Ordinal0 [0x00A93EF9+999161]
	Ordinal0 [0x00A941B6+999862]
	Ordinal0 [0x00A93AA5+998053]
	Ordinal0 [0x00A9990C+1022220]
	Ordinal0 [0x00A93A61+997985]
	Ordinal0 [0x00A94986+1001862]
	Ordinal0 [0x00A93EF9+999161]
	Ordinal0 [0x00A941B6+999862]
	Ordinal0 [0x00A93AA5+998053]
	Ordinal0 [0x00A8F5DD+980445]
	Ordinal0 [0x00A93A61+997985]
	Ordinal0 [0x00A93800+997376]
	Ordinal0 [0x00A93599+996761]
	Ordinal0 [0x00AA3830+1062960]
	Ordinal0 [0x00AEABB9+1354681]
	Ordinal0 [0x00AE97DA+1349594]
	Ordinal0 [0x00AE5D4B+1334603]
	Ordinal0 [0x00AC22B4+1188532]
	Ordinal0 [0x00AC3149+1192265]
	GetHandleVerifier [0x00D7FB8C+1512252]
	GetHandleVerifier [0x00E2B0DF+2214031]
	GetHandleVerifier [0x00C84BC3+484211]
	GetHandleVerifier [0x00C83E69+480793]
	Ordinal0 [0x00BA218D+2105741]
	Ordinal0 [0x00BA66E8+2123496]
	Ordinal0 [0x00BA6827+2123815]
	Ordinal0 [0x00BAFB73+2161523]
	BaseThreadInitThunk [0x750DFA29+25]
	RtlGetAppContainerNamedObjectPath [0x77277A7E+286]
	RtlGetAppContainerNamedObjectPath [0x77277A4E+238]

</failure>
    <system-out><![CDATA[Chrome
]]></system-out>
    <system-err><![CDATA[Starting ChromeDriver 91.0.4472.101 (af52a90bf87030dd1523486a1cd3ae25c5d76c9b-refs/branch-heads/4472@{#1462}) on port 25043
Only local connections are allowed.
Please see https://chromedriver.chromium.org/security-considerations for suggestions on keeping ChromeDriver safe.
ChromeDriver was started successfully.
[1626808951.492][SEVERE]: Unable to receive message from renderer
]]></system-err>
  </testcase>
  <testcase name="testBlogGetTextIfElseFailedTestCase5" classname="com.romanceabroad.ui.BlogTests" time="0">
    <skipped message="session not created&#10;from timeout: Timed out receiving message from renderer: 600.000&#10;  (Session info: chrome=91.0.4472.124)&#10;Build info: version: &apos;3.141.59&apos;, revision: &apos;e82be7d358&apos;, time: &apos;2018-11-14T08:17:03&apos;&#10;System info: host: &apos;LAPTOP-6T1ITKLO&apos;, ip: &apos;192.168.1.6&apos;, os.name: &apos;Windows 10&apos;, os.arch: &apos;amd64&apos;, os.version: &apos;10.0&apos;, java.version: &apos;1.8.0_291&apos;&#10;Driver info: driver.version: ChromeDriver&#10;remote stacktrace: Backtrace:&#10;	Ordinal0 [0x00C03733+2504499]&#10;	Ordinal0 [0x00B9C401+2081793]&#10;	Ordinal0 [0x00AA2628+1058344]&#10;	Ordinal0 [0x00A94EBF+1003199]&#10;	Ordinal0 [0x00A93EF9+999161]&#10;	Ordinal0 [0x00A941B6+999862]&#10;	Ordinal0 [0x00A93AA5+998053]&#10;	Ordinal0 [0x00A9E6B4+1042100]&#10;	Ordinal0 [0x00A93A61+997985]&#10;	Ordinal0 [0x00A94986+1001862]&#10;	Ordinal0 [0x00A93EF9+999161]&#10;	Ordinal0 [0x00A941B6+999862]&#10;	Ordinal0 [0x00A93AA5+998053]&#10;	Ordinal0 [0x00A9C73A+1034042]&#10;	Ordinal0 [0x00A93A61+997985]&#10;	Ordinal0 [0x00A94986+1001862]&#10;	Ordinal0 [0x00A93EF9+999161]&#10;	Ordinal0 [0x00A941B6+999862]&#10;	Ordinal0 [0x00A93AA5+998053]&#10;	Ordinal0 [0x00A9A5E9+1025513]&#10;	Ordinal0 [0x00A93A61+997985]&#10;	Ordinal0 [0x00A94986+1001862]&#10;	Ordinal0 [0x00A93EF9+999161]&#10;	Ordinal0 [0x00A941B6+999862]&#10;	Ordinal0 [0x00A93AA5+998053]&#10;	Ordinal0 [0x00A9990C+1022220]&#10;	Ordinal0 [0x00A93A61+997985]&#10;	Ordinal0 [0x00A94986+1001862]&#10;	Ordinal0 [0x00A93EF9+999161]&#10;	Ordinal0 [0x00A941B6+999862]&#10;	Ordinal0 [0x00A93AA5+998053]&#10;	Ordinal0 [0x00A8F5DD+980445]&#10;	Ordinal0 [0x00A93A61+997985]&#10;	Ordinal0 [0x00A93800+997376]&#10;	Ordinal0 [0x00A93599+996761]&#10;	Ordinal0 [0x00AA3830+1062960]&#10;	Ordinal0 [0x00AEABB9+1354681]&#10;	Ordinal0 [0x00AE97DA+1349594]&#10;	Ordinal0 [0x00AE5D4B+1334603]&#10;	Ordinal0 [0x00AC22B4+1188532]&#10;	Ordinal0 [0x00AC3149+1192265]&#10;	GetHandleVerifier [0x00D7FB8C+1512252]&#10;	GetHandleVerifier [0x00E2B0DF+2214031]&#10;	GetHandleVerifier [0x00C84BC3+484211]&#10;	GetHandleVerifier [0x00C83E69+480793]&#10;	Ordinal0 [0x00BA218D+2105741]&#10;	Ordinal0 [0x00BA66E8+2123496]&#10;	Ordinal0 [0x00BA6827+2123815]&#10;	Ordinal0 [0x00BAFB73+2161523]&#10;	BaseThreadInitThunk [0x750DFA29+25]&#10;	RtlGetAppContainerNamedObjectPath [0x77277A7E+286]&#10;	RtlGetAppContainerNamedObjectPath [0x77277A4E+238]&#10;"/>
    <system-err><![CDATA[Video recording
[C:\Users\Dana1\GitHub\romance05\romanceabroad05\video\Registration test_recording_2021_20_07_14_53_47.avi]
]]></system-err>
  </testcase>
  <testcase name="afterActions" classname="com.romanceabroad.ui.BlogTests" time="0">
    <skipped/>
  </testcase>
  <testcase name="afterActions" classname="com.romanceabroad.ui.BlogTests" time="0">
    <skipped/>
  </testcase>
  <testcase name="afterActions" classname="com.romanceabroad.ui.BlogTests" time="0">
    <skipped/>
  </testcase>
  <testcase name="afterActions" classname="com.romanceabroad.ui.BlogTests" time="0">
    <skipped/>
  </testcase>
  <testcase name="afterActions" classname="com.romanceabroad.ui.BlogTests" time="0">
    <skipped/>
  </testcase>
  <testcase name="testBlogIfElseForAllLinksTestCase6" classname="com.romanceabroad.ui.BlogTests" time="0">
    <skipped message="session not created&#10;from timeout: Timed out receiving message from renderer: 600.000&#10;  (Session info: chrome=91.0.4472.124)&#10;Build info: version: &apos;3.141.59&apos;, revision: &apos;e82be7d358&apos;, time: &apos;2018-11-14T08:17:03&apos;&#10;System info: host: &apos;LAPTOP-6T1ITKLO&apos;, ip: &apos;192.168.1.6&apos;, os.name: &apos;Windows 10&apos;, os.arch: &apos;amd64&apos;, os.version: &apos;10.0&apos;, java.version: &apos;1.8.0_291&apos;&#10;Driver info: driver.version: ChromeDriver&#10;remote stacktrace: Backtrace:&#10;	Ordinal0 [0x00C03733+2504499]&#10;	Ordinal0 [0x00B9C401+2081793]&#10;	Ordinal0 [0x00AA2628+1058344]&#10;	Ordinal0 [0x00A94EBF+1003199]&#10;	Ordinal0 [0x00A93EF9+999161]&#10;	Ordinal0 [0x00A941B6+999862]&#10;	Ordinal0 [0x00A93AA5+998053]&#10;	Ordinal0 [0x00A9E6B4+1042100]&#10;	Ordinal0 [0x00A93A61+997985]&#10;	Ordinal0 [0x00A94986+1001862]&#10;	Ordinal0 [0x00A93EF9+999161]&#10;	Ordinal0 [0x00A941B6+999862]&#10;	Ordinal0 [0x00A93AA5+998053]&#10;	Ordinal0 [0x00A9C73A+1034042]&#10;	Ordinal0 [0x00A93A61+997985]&#10;	Ordinal0 [0x00A94986+1001862]&#10;	Ordinal0 [0x00A93EF9+999161]&#10;	Ordinal0 [0x00A941B6+999862]&#10;	Ordinal0 [0x00A93AA5+998053]&#10;	Ordinal0 [0x00A9A5E9+1025513]&#10;	Ordinal0 [0x00A93A61+997985]&#10;	Ordinal0 [0x00A94986+1001862]&#10;	Ordinal0 [0x00A93EF9+999161]&#10;	Ordinal0 [0x00A941B6+999862]&#10;	Ordinal0 [0x00A93AA5+998053]&#10;	Ordinal0 [0x00A9990C+1022220]&#10;	Ordinal0 [0x00A93A61+997985]&#10;	Ordinal0 [0x00A94986+1001862]&#10;	Ordinal0 [0x00A93EF9+999161]&#10;	Ordinal0 [0x00A941B6+999862]&#10;	Ordinal0 [0x00A93AA5+998053]&#10;	Ordinal0 [0x00A8F5DD+980445]&#10;	Ordinal0 [0x00A93A61+997985]&#10;	Ordinal0 [0x00A93800+997376]&#10;	Ordinal0 [0x00A93599+996761]&#10;	Ordinal0 [0x00AA3830+1062960]&#10;	Ordinal0 [0x00AEABB9+1354681]&#10;	Ordinal0 [0x00AE97DA+1349594]&#10;	Ordinal0 [0x00AE5D4B+1334603]&#10;	Ordinal0 [0x00AC22B4+1188532]&#10;	Ordinal0 [0x00AC3149+1192265]&#10;	GetHandleVerifier [0x00D7FB8C+1512252]&#10;	GetHandleVerifier [0x00E2B0DF+2214031]&#10;	GetHandleVerifier [0x00C84BC3+484211]&#10;	GetHandleVerifier [0x00C83E69+480793]&#10;	Ordinal0 [0x00BA218D+2105741]&#10;	Ordinal0 [0x00BA66E8+2123496]&#10;	Ordinal0 [0x00BA6827+2123815]&#10;	Ordinal0 [0x00BAFB73+2161523]&#10;	BaseThreadInitThunk [0x750DFA29+25]&#10;	RtlGetAppContainerNamedObjectPath [0x77277A7E+286]&#10;	RtlGetAppContainerNamedObjectPath [0x77277A4E+238]&#10;"/>
    <system-out><![CDATA[Chrome
]]></system-out>
    <system-err><![CDATA[Starting ChromeDriver 91.0.4472.101 (af52a90bf87030dd1523486a1cd3ae25c5d76c9b-refs/branch-heads/4472@{#1462}) on port 7719
Only local connections are allowed.
Please see https://chromedriver.chromium.org/security-considerations for suggestions on keeping ChromeDriver safe.
ChromeDriver was started successfully.
Jul 20, 2021 3:04:04 PM org.openqa.selenium.remote.ProtocolHandshake createSession
INFO: Detected dialect: W3C
Video recording
[C:\Users\Dana1\GitHub\romance05\romanceabroad05\video\Registration test_recording_2021_20_07_14_53_47.avi]
]]></system-err>
  </testcase>
  <testcase name="testBlogIsContainsTextIfElseTestCase3" classname="com.romanceabroad.ui.BlogTests" time="0">
    <skipped message="session not created&#10;from timeout: Timed out receiving message from renderer: 600.000&#10;  (Session info: chrome=91.0.4472.124)&#10;Build info: version: &apos;3.141.59&apos;, revision: &apos;e82be7d358&apos;, time: &apos;2018-11-14T08:17:03&apos;&#10;System info: host: &apos;LAPTOP-6T1ITKLO&apos;, ip: &apos;192.168.1.6&apos;, os.name: &apos;Windows 10&apos;, os.arch: &apos;amd64&apos;, os.version: &apos;10.0&apos;, java.version: &apos;1.8.0_291&apos;&#10;Driver info: driver.version: ChromeDriver&#10;remote stacktrace: Backtrace:&#10;	Ordinal0 [0x00C03733+2504499]&#10;	Ordinal0 [0x00B9C401+2081793]&#10;	Ordinal0 [0x00AA2628+1058344]&#10;	Ordinal0 [0x00A94EBF+1003199]&#10;	Ordinal0 [0x00A93EF9+999161]&#10;	Ordinal0 [0x00A941B6+999862]&#10;	Ordinal0 [0x00A93AA5+998053]&#10;	Ordinal0 [0x00A9E6B4+1042100]&#10;	Ordinal0 [0x00A93A61+997985]&#10;	Ordinal0 [0x00A94986+1001862]&#10;	Ordinal0 [0x00A93EF9+999161]&#10;	Ordinal0 [0x00A941B6+999862]&#10;	Ordinal0 [0x00A93AA5+998053]&#10;	Ordinal0 [0x00A9C73A+1034042]&#10;	Ordinal0 [0x00A93A61+997985]&#10;	Ordinal0 [0x00A94986+1001862]&#10;	Ordinal0 [0x00A93EF9+999161]&#10;	Ordinal0 [0x00A941B6+999862]&#10;	Ordinal0 [0x00A93AA5+998053]&#10;	Ordinal0 [0x00A9A5E9+1025513]&#10;	Ordinal0 [0x00A93A61+997985]&#10;	Ordinal0 [0x00A94986+1001862]&#10;	Ordinal0 [0x00A93EF9+999161]&#10;	Ordinal0 [0x00A941B6+999862]&#10;	Ordinal0 [0x00A93AA5+998053]&#10;	Ordinal0 [0x00A9990C+1022220]&#10;	Ordinal0 [0x00A93A61+997985]&#10;	Ordinal0 [0x00A94986+1001862]&#10;	Ordinal0 [0x00A93EF9+999161]&#10;	Ordinal0 [0x00A941B6+999862]&#10;	Ordinal0 [0x00A93AA5+998053]&#10;	Ordinal0 [0x00A8F5DD+980445]&#10;	Ordinal0 [0x00A93A61+997985]&#10;	Ordinal0 [0x00A93800+997376]&#10;	Ordinal0 [0x00A93599+996761]&#10;	Ordinal0 [0x00AA3830+1062960]&#10;	Ordinal0 [0x00AEABB9+1354681]&#10;	Ordinal0 [0x00AE97DA+1349594]&#10;	Ordinal0 [0x00AE5D4B+1334603]&#10;	Ordinal0 [0x00AC22B4+1188532]&#10;	Ordinal0 [0x00AC3149+1192265]&#10;	GetHandleVerifier [0x00D7FB8C+1512252]&#10;	GetHandleVerifier [0x00E2B0DF+2214031]&#10;	GetHandleVerifier [0x00C84BC3+484211]&#10;	GetHandleVerifier [0x00C83E69+480793]&#10;	Ordinal0 [0x00BA218D+2105741]&#10;	Ordinal0 [0x00BA66E8+2123496]&#10;	Ordinal0 [0x00BA6827+2123815]&#10;	Ordinal0 [0x00BAFB73+2161523]&#10;	BaseThreadInitThunk [0x750DFA29+25]&#10;	RtlGetAppContainerNamedObjectPath [0x77277A7E+286]&#10;	RtlGetAppContainerNamedObjectPath [0x77277A4E+238]&#10;"/>
    <system-out><![CDATA[Chrome
]]></system-out>
    <system-err><![CDATA[Starting ChromeDriver 91.0.4472.101 (af52a90bf87030dd1523486a1cd3ae25c5d76c9b-refs/branch-heads/4472@{#1462}) on port 29228
Only local connections are allowed.
Please see https://chromedriver.chromium.org/security-considerations for suggestions on keeping ChromeDriver safe.
ChromeDriver was started successfully.
Jul 20, 2021 3:04:15 PM org.openqa.selenium.remote.ProtocolHandshake createSession
INFO: Detected dialect: W3C
Video recording
[C:\Users\Dana1\GitHub\romance05\romanceabroad05\video\Registration test_recording_2021_20_07_14_53_47.avi]
]]></system-err>
  </testcase>
  <testcase name="testBlogLoopForAllMenuUlListTestCase2" classname="com.romanceabroad.ui.BlogTests" time="0">
    <skipped message="session not created&#10;from timeout: Timed out receiving message from renderer: 600.000&#10;  (Session info: chrome=91.0.4472.124)&#10;Build info: version: &apos;3.141.59&apos;, revision: &apos;e82be7d358&apos;, time: &apos;2018-11-14T08:17:03&apos;&#10;System info: host: &apos;LAPTOP-6T1ITKLO&apos;, ip: &apos;192.168.1.6&apos;, os.name: &apos;Windows 10&apos;, os.arch: &apos;amd64&apos;, os.version: &apos;10.0&apos;, java.version: &apos;1.8.0_291&apos;&#10;Driver info: driver.version: ChromeDriver&#10;remote stacktrace: Backtrace:&#10;	Ordinal0 [0x00C03733+2504499]&#10;	Ordinal0 [0x00B9C401+2081793]&#10;	Ordinal0 [0x00AA2628+1058344]&#10;	Ordinal0 [0x00A94EBF+1003199]&#10;	Ordinal0 [0x00A93EF9+999161]&#10;	Ordinal0 [0x00A941B6+999862]&#10;	Ordinal0 [0x00A93AA5+998053]&#10;	Ordinal0 [0x00A9E6B4+1042100]&#10;	Ordinal0 [0x00A93A61+997985]&#10;	Ordinal0 [0x00A94986+1001862]&#10;	Ordinal0 [0x00A93EF9+999161]&#10;	Ordinal0 [0x00A941B6+999862]&#10;	Ordinal0 [0x00A93AA5+998053]&#10;	Ordinal0 [0x00A9C73A+1034042]&#10;	Ordinal0 [0x00A93A61+997985]&#10;	Ordinal0 [0x00A94986+1001862]&#10;	Ordinal0 [0x00A93EF9+999161]&#10;	Ordinal0 [0x00A941B6+999862]&#10;	Ordinal0 [0x00A93AA5+998053]&#10;	Ordinal0 [0x00A9A5E9+1025513]&#10;	Ordinal0 [0x00A93A61+997985]&#10;	Ordinal0 [0x00A94986+1001862]&#10;	Ordinal0 [0x00A93EF9+999161]&#10;	Ordinal0 [0x00A941B6+999862]&#10;	Ordinal0 [0x00A93AA5+998053]&#10;	Ordinal0 [0x00A9990C+1022220]&#10;	Ordinal0 [0x00A93A61+997985]&#10;	Ordinal0 [0x00A94986+1001862]&#10;	Ordinal0 [0x00A93EF9+999161]&#10;	Ordinal0 [0x00A941B6+999862]&#10;	Ordinal0 [0x00A93AA5+998053]&#10;	Ordinal0 [0x00A8F5DD+980445]&#10;	Ordinal0 [0x00A93A61+997985]&#10;	Ordinal0 [0x00A93800+997376]&#10;	Ordinal0 [0x00A93599+996761]&#10;	Ordinal0 [0x00AA3830+1062960]&#10;	Ordinal0 [0x00AEABB9+1354681]&#10;	Ordinal0 [0x00AE97DA+1349594]&#10;	Ordinal0 [0x00AE5D4B+1334603]&#10;	Ordinal0 [0x00AC22B4+1188532]&#10;	Ordinal0 [0x00AC3149+1192265]&#10;	GetHandleVerifier [0x00D7FB8C+1512252]&#10;	GetHandleVerifier [0x00E2B0DF+2214031]&#10;	GetHandleVerifier [0x00C84BC3+484211]&#10;	GetHandleVerifier [0x00C83E69+480793]&#10;	Ordinal0 [0x00BA218D+2105741]&#10;	Ordinal0 [0x00BA66E8+2123496]&#10;	Ordinal0 [0x00BA6827+2123815]&#10;	Ordinal0 [0x00BAFB73+2161523]&#10;	BaseThreadInitThunk [0x750DFA29+25]&#10;	RtlGetAppContainerNamedObjectPath [0x77277A7E+286]&#10;	RtlGetAppContainerNamedObjectPath [0x77277A4E+238]&#10;"/>
    <system-err><![CDATA[Video recording
[C:\Users\Dana1\GitHub\romance05\romanceabroad05\video\Registration test_recording_2021_20_07_14_53_47.avi]
]]></system-err>
  </testcase>
  <testcase name="testBlogTabIsDisplayedIfElseTestCase4" classname="com.romanceabroad.ui.BlogTests" time="0">
    <skipped message="session not created&#10;from disconnected: Unable to receive message from renderer&#10;  (Session info: chrome=91.0.4472.124)&#10;Build info: version: &apos;3.141.59&apos;, revision: &apos;e82be7d358&apos;, time: &apos;2018-11-14T08:17:03&apos;&#10;System info: host: &apos;LAPTOP-6T1ITKLO&apos;, ip: &apos;192.168.1.6&apos;, os.name: &apos;Windows 10&apos;, os.arch: &apos;amd64&apos;, os.version: &apos;10.0&apos;, java.version: &apos;1.8.0_291&apos;&#10;Driver info: driver.version: ChromeDriver&#10;remote stacktrace: Backtrace:&#10;	Ordinal0 [0x00C03733+2504499]&#10;	Ordinal0 [0x00B9C401+2081793]&#10;	Ordinal0 [0x00AA2628+1058344]&#10;	Ordinal0 [0x00A94F79+1003385]&#10;	Ordinal0 [0x00A93EF9+999161]&#10;	Ordinal0 [0x00A941B6+999862]&#10;	Ordinal0 [0x00A93AA5+998053]&#10;	Ordinal0 [0x00A9E6B4+1042100]&#10;	Ordinal0 [0x00A93A61+997985]&#10;	Ordinal0 [0x00A94986+1001862]&#10;	Ordinal0 [0x00A93EF9+999161]&#10;	Ordinal0 [0x00A941B6+999862]&#10;	Ordinal0 [0x00A93AA5+998053]&#10;	Ordinal0 [0x00A9C73A+1034042]&#10;	Ordinal0 [0x00A93A61+997985]&#10;	Ordinal0 [0x00A94986+1001862]&#10;	Ordinal0 [0x00A93EF9+999161]&#10;	Ordinal0 [0x00A941B6+999862]&#10;	Ordinal0 [0x00A93AA5+998053]&#10;	Ordinal0 [0x00A9A5E9+1025513]&#10;	Ordinal0 [0x00A93A61+997985]&#10;	Ordinal0 [0x00A94986+1001862]&#10;	Ordinal0 [0x00A93EF9+999161]&#10;	Ordinal0 [0x00A941B6+999862]&#10;	Ordinal0 [0x00A93AA5+998053]&#10;	Ordinal0 [0x00A9990C+1022220]&#10;	Ordinal0 [0x00A93A61+997985]&#10;	Ordinal0 [0x00A94986+1001862]&#10;	Ordinal0 [0x00A93EF9+999161]&#10;	Ordinal0 [0x00A941B6+999862]&#10;	Ordinal0 [0x00A93AA5+998053]&#10;	Ordinal0 [0x00A8F5DD+980445]&#10;	Ordinal0 [0x00A93A61+997985]&#10;	Ordinal0 [0x00A93800+997376]&#10;	Ordinal0 [0x00A93599+996761]&#10;	Ordinal0 [0x00AA3830+1062960]&#10;	Ordinal0 [0x00AEABB9+1354681]&#10;	Ordinal0 [0x00AE97DA+1349594]&#10;	Ordinal0 [0x00AE5D4B+1334603]&#10;	Ordinal0 [0x00AC22B4+1188532]&#10;	Ordinal0 [0x00AC3149+1192265]&#10;	GetHandleVerifier [0x00D7FB8C+1512252]&#10;	GetHandleVerifier [0x00E2B0DF+2214031]&#10;	GetHandleVerifier [0x00C84BC3+484211]&#10;	GetHandleVerifier [0x00C83E69+480793]&#10;	Ordinal0 [0x00BA218D+2105741]&#10;	Ordinal0 [0x00BA66E8+2123496]&#10;	Ordinal0 [0x00BA6827+2123815]&#10;	Ordinal0 [0x00BAFB73+2161523]&#10;	BaseThreadInitThunk [0x750DFA29+25]&#10;	RtlGetAppContainerNamedObjectPath [0x77277A7E+286]&#10;	RtlGetAppContainerNamedObjectPath [0x77277A4E+238]&#10;"/>
    <system-err><![CDATA[Video recording
[C:\Users\Dana1\GitHub\romance05\romanceabroad05\video\Registration test_recording_2021_20_07_14_53_47.avi]
]]></system-err>
  </testcase>
</testsuite>