<?xml version="1.0" encoding="UTF-8"?>
<testng-results ignored="0" total="3" passed="2" failed="1" skipped="0">
  <reporter-output>
  </reporter-output>
  <suite started-at="2021-06-24T15:44:41 EDT" name="TestSuite" finished-at="2021-06-24T15:46:11 EDT" duration-ms="90414">
    <groups>
      <group name="admin">
        <method signature="RegistrationTests2.testRegistrationTestCase1()[pri:1, instance:com.romanceabroad.ui.RegistrationTests2@657c8ad9]" name="testRegistrationTestCase1" class="com.romanceabroad.ui.RegistrationTests2"/>
        <method signature="RegistrationTests2.testRegistrationTestCase1()[pri:1, instance:com.romanceabroad.ui.RegistrationTests2@30b7c004]" name="testRegistrationTestCase1" class="com.romanceabroad.ui.RegistrationTests2"/>
        <method signature="RegistrationTests2.testRegistrationTestCase1()[pri:1, instance:com.romanceabroad.ui.RegistrationTests2@29176cc1]" name="testRegistrationTestCase1" class="com.romanceabroad.ui.RegistrationTests2"/>
      </group> <!-- admin -->
      <group name="user">
        <method signature="RegistrationTests2.testRegistrationTestCase1()[pri:1, instance:com.romanceabroad.ui.RegistrationTests2@657c8ad9]" name="testRegistrationTestCase1" class="com.romanceabroad.ui.RegistrationTests2"/>
        <method signature="RegistrationTests2.testRegistrationTestCase1()[pri:1, instance:com.romanceabroad.ui.RegistrationTests2@30b7c004]" name="testRegistrationTestCase1" class="com.romanceabroad.ui.RegistrationTests2"/>
        <method signature="RegistrationTests2.testRegistrationTestCase1()[pri:1, instance:com.romanceabroad.ui.RegistrationTests2@29176cc1]" name="testRegistrationTestCase1" class="com.romanceabroad.ui.RegistrationTests2"/>
      </group> <!-- user -->
    </groups>
    <test started-at="2021-06-24T15:44:41 EDT" name="IETestCases" finished-at="2021-06-24T15:45:34 EDT" duration-ms="52653">
      <class name="com.romanceabroad.ui.RegistrationTests2">
        <test-method is-config="true" signature="setup(java.lang.String,java.lang.reflect.Method)[pri:0, instance:com.romanceabroad.ui.RegistrationTests2@657c8ad9]" started-at="2021-06-24T15:44:41 EDT" name="setup" finished-at="2021-06-24T15:44:55 EDT" duration-ms="14030" status="PASS">
          <params>
            <param index="0">
              <value>
                <![CDATA[ie]]>
              </value>
            </param>
            <param index="1">
              <value>
                <![CDATA[public void com.romanceabroad.ui.RegistrationTests2.testRegistrationTestCase1()]]>
              </value>
            </param>
          </params>
          <reporter-output>
          </reporter-output>
        </test-method> <!-- setup -->
        <test-method signature="testRegistrationTestCase1()[pri:1, instance:com.romanceabroad.ui.RegistrationTests2@657c8ad9]" started-at="2021-06-24T15:44:55 EDT" name="testRegistrationTestCase1" finished-at="2021-06-24T15:45:34 EDT" duration-ms="38563" status="PASS">
          <reporter-output>
          </reporter-output>
        </test-method> <!-- testRegistrationTestCase1 -->
        <test-method is-config="true" signature="afterActions()[pri:0, instance:com.romanceabroad.ui.RegistrationTests2@657c8ad9]" started-at="2021-06-24T15:45:34 EDT" name="afterActions" finished-at="2021-06-24T15:45:34 EDT" duration-ms="0" status="PASS">
          <reporter-output>
          </reporter-output>
        </test-method> <!-- afterActions -->
      </class> <!-- com.romanceabroad.ui.RegistrationTests2 -->
    </test> <!-- IETestCases -->
    <test started-at="2021-06-24T15:45:34 EDT" name="FirefoxTestCases" finished-at="2021-06-24T15:45:53 EDT" duration-ms="19575">
      <class name="com.romanceabroad.ui.RegistrationTests2">
        <test-method is-config="true" signature="setup(java.lang.String,java.lang.reflect.Method)[pri:0, instance:com.romanceabroad.ui.RegistrationTests2@30b7c004]" started-at="2021-06-24T15:45:34 EDT" name="setup" finished-at="2021-06-24T15:45:48 EDT" duration-ms="14455" status="PASS">
          <params>
            <param index="0">
              <value>
                <![CDATA[firefox]]>
              </value>
            </param>
            <param index="1">
              <value>
                <![CDATA[public void com.romanceabroad.ui.RegistrationTests2.testRegistrationTestCase1()]]>
              </value>
            </param>
          </params>
          <reporter-output>
          </reporter-output>
        </test-method> <!-- setup -->
        <test-method signature="testRegistrationTestCase1()[pri:1, instance:com.romanceabroad.ui.RegistrationTests2@30b7c004]" started-at="2021-06-24T15:45:48 EDT" name="testRegistrationTestCase1" finished-at="2021-06-24T15:45:53 EDT" duration-ms="5112" status="FAIL">
          <exception class="org.openqa.selenium.ElementNotInteractableException">
            <message>
              <![CDATA[Element <li class="active"> could not be scrolled into view
Build info: version: '3.141.59', revision: 'e82be7d358', time: '2018-11-14T08:17:03'
System info: host: 'LAPTOP-6T1ITKLO', ip: '192.168.1.5', os.name: 'Windows 10', os.arch: 'amd64', os.version: '10.0', java.version: '15.0.2'
Driver info: org.openqa.selenium.firefox.FirefoxDriver
Capabilities {acceptInsecureCerts: true, browserName: firefox, browserVersion: 89.0, javascriptEnabled: true, moz:accessibilityChecks: false, moz:buildID: 20210527174632, moz:geckodriverVersion: 0.29.1, moz:headless: false, moz:processID: 30204, moz:profile: C:\Users\Dana1\AppData\Loca..., moz:shutdownTimeout: 60000, moz:useNonSpecCompliantPointerOrigin: false, moz:webdriverClick: true, pageLoadStrategy: normal, platform: WINDOWS, platformName: WINDOWS, platformVersion: 10.0, setWindowRect: true, strictFileInteractability: false, timeouts: {implicit: 0, pageLoad: 300000, script: 30000}, unhandledPromptBehavior: dismiss and notify}
Session ID: 8066fc16-f9a4-482c-89fb-fe8c216ed179]]>
            </message>
            <full-stacktrace>
              <![CDATA[org.openqa.selenium.ElementNotInteractableException: Element <li class="active"> could not be scrolled into view
Build info: version: '3.141.59', revision: 'e82be7d358', time: '2018-11-14T08:17:03'
System info: host: 'LAPTOP-6T1ITKLO', ip: '192.168.1.5', os.name: 'Windows 10', os.arch: 'amd64', os.version: '10.0', java.version: '15.0.2'
Driver info: org.openqa.selenium.firefox.FirefoxDriver
Capabilities {acceptInsecureCerts: true, browserName: firefox, browserVersion: 89.0, javascriptEnabled: true, moz:accessibilityChecks: false, moz:buildID: 20210527174632, moz:geckodriverVersion: 0.29.1, moz:headless: false, moz:processID: 30204, moz:profile: C:\Users\Dana1\AppData\Loca..., moz:shutdownTimeout: 60000, moz:useNonSpecCompliantPointerOrigin: false, moz:webdriverClick: true, pageLoadStrategy: normal, platform: WINDOWS, platformName: WINDOWS, platformVersion: 10.0, setWindowRect: true, strictFileInteractability: false, timeouts: {implicit: 0, pageLoad: 300000, script: 30000}, unhandledPromptBehavior: dismiss and notify}
Session ID: 8066fc16-f9a4-482c-89fb-fe8c216ed179
at java.base/jdk.internal.reflect.NativeConstructorAccessorImpl.newInstance0(Native Method)
at java.base/jdk.internal.reflect.NativeConstructorAccessorImpl.newInstance(NativeConstructorAccessorImpl.java:64)
at java.base/jdk.internal.reflect.DelegatingConstructorAccessorImpl.newInstance(DelegatingConstructorAccessorImpl.java:45)
at java.base/java.lang.reflect.Constructor.newInstanceWithCaller(Constructor.java:500)
at java.base/java.lang.reflect.Constructor.newInstance(Constructor.java:481)
at org.openqa.selenium.remote.http.W3CHttpResponseCodec.createException(W3CHttpResponseCodec.java:187)
at org.openqa.selenium.remote.http.W3CHttpResponseCodec.decode(W3CHttpResponseCodec.java:122)
at org.openqa.selenium.remote.http.W3CHttpResponseCodec.decode(W3CHttpResponseCodec.java:49)
at org.openqa.selenium.remote.HttpCommandExecutor.execute(HttpCommandExecutor.java:158)
at org.openqa.selenium.remote.service.DriverCommandExecutor.execute(DriverCommandExecutor.java:83)
at org.openqa.selenium.remote.RemoteWebDriver.execute(RemoteWebDriver.java:552)
at org.openqa.selenium.remote.RemoteWebElement.execute(RemoteWebElement.java:285)
at org.openqa.selenium.remote.RemoteWebElement.click(RemoteWebElement.java:84)
at com.romanceabroad.ui.BaseActions.clickValueOfLists(BaseActions.java:213)
at com.romanceabroad.ui.MainPage.completeSecondPartOfRegistration(MainPage.java:70)
at com.romanceabroad.ui.RegistrationTests2.testRegistrationTestCase1(RegistrationTests2.java:19)
at java.base/jdk.internal.reflect.NativeMethodAccessorImpl.invoke0(Native Method)
at java.base/jdk.internal.reflect.NativeMethodAccessorImpl.invoke(NativeMethodAccessorImpl.java:64)
at java.base/jdk.internal.reflect.DelegatingMethodAccessorImpl.invoke(DelegatingMethodAccessorImpl.java:43)
at java.base/java.lang.reflect.Method.invoke(Method.java:564)
at org.testng.internal.MethodInvocationHelper.invokeMethod(MethodInvocationHelper.java:133)
at org.testng.internal.TestInvoker.invokeMethod(TestInvoker.java:598)
at org.testng.internal.TestInvoker.invokeTestMethod(TestInvoker.java:173)
at org.testng.internal.MethodRunner.runInSequence(MethodRunner.java:46)
at org.testng.internal.TestInvoker$MethodInvocationAgent.invoke(TestInvoker.java:824)
at org.testng.internal.TestInvoker.invokeTestMethods(TestInvoker.java:146)
at org.testng.internal.TestMethodWorker.invokeTestMethods(TestMethodWorker.java:146)
at org.testng.internal.TestMethodWorker.run(TestMethodWorker.java:128)
at java.base/java.util.ArrayList.forEach(ArrayList.java:1511)
at org.testng.TestRunner.privateRun(TestRunner.java:794)
at org.testng.TestRunner.run(TestRunner.java:596)
at org.testng.SuiteRunner.runTest(SuiteRunner.java:377)
at org.testng.SuiteRunner.runSequentially(SuiteRunner.java:371)
at org.testng.SuiteRunner.privateRun(SuiteRunner.java:332)
at org.testng.SuiteRunner.run(SuiteRunner.java:276)
at org.testng.SuiteRunnerWorker.runSuite(SuiteRunnerWorker.java:53)
at org.testng.SuiteRunnerWorker.run(SuiteRunnerWorker.java:96)
at org.testng.TestNG.runSuitesSequentially(TestNG.java:1212)
at org.testng.TestNG.runSuitesLocally(TestNG.java:1134)
at org.testng.TestNG.runSuites(TestNG.java:1063)
at org.testng.TestNG.run(TestNG.java:1031)
at org.apache.maven.surefire.testng.TestNGExecutor.run(TestNGExecutor.java:283)
at org.apache.maven.surefire.testng.TestNGXmlTestSuite.execute(TestNGXmlTestSuite.java:75)
at org.apache.maven.surefire.testng.TestNGProvider.invoke(TestNGProvider.java:120)
at org.apache.maven.surefire.booter.ForkedBooter.invokeProviderInSameClassLoader(ForkedBooter.java:384)
at org.apache.maven.surefire.booter.ForkedBooter.runSuitesInProcess(ForkedBooter.java:345)
at org.apache.maven.surefire.booter.ForkedBooter.execute(ForkedBooter.java:126)
at org.apache.maven.surefire.booter.ForkedBooter.main(ForkedBooter.java:418)
]]>
            </full-stacktrace>
          </exception> <!-- org.openqa.selenium.ElementNotInteractableException -->
          <reporter-output>
          </reporter-output>
        </test-method> <!-- testRegistrationTestCase1 -->
        <test-method is-config="true" signature="afterActions()[pri:0, instance:com.romanceabroad.ui.RegistrationTests2@30b7c004]" started-at="2021-06-24T15:45:53 EDT" name="afterActions" finished-at="2021-06-24T15:45:53 EDT" duration-ms="0" status="PASS">
          <reporter-output>
          </reporter-output>
        </test-method> <!-- afterActions -->
      </class> <!-- com.romanceabroad.ui.RegistrationTests2 -->
    </test> <!-- FirefoxTestCases -->
    <test started-at="2021-06-24T15:45:53 EDT" name="ChromeTestCases" finished-at="2021-06-24T15:46:11 EDT" duration-ms="18117">
      <class name="com.romanceabroad.ui.RegistrationTests2">
        <test-method is-config="true" signature="setup(java.lang.String,java.lang.reflect.Method)[pri:0, instance:com.romanceabroad.ui.RegistrationTests2@29176cc1]" started-at="2021-06-24T15:45:53 EDT" name="setup" finished-at="2021-06-24T15:46:04 EDT" duration-ms="11064" status="PASS">
          <params>
            <param index="0">
              <value>
                <![CDATA[chrome]]>
              </value>
            </param>
            <param index="1">
              <value>
                <![CDATA[public void com.romanceabroad.ui.RegistrationTests2.testRegistrationTestCase1()]]>
              </value>
            </param>
          </params>
          <reporter-output>
          </reporter-output>
        </test-method> <!-- setup -->
        <test-method signature="testRegistrationTestCase1()[pri:1, instance:com.romanceabroad.ui.RegistrationTests2@29176cc1]" started-at="2021-06-24T15:46:04 EDT" name="testRegistrationTestCase1" finished-at="2021-06-24T15:46:11 EDT" duration-ms="7051" status="PASS">
          <reporter-output>
          </reporter-output>
        </test-method> <!-- testRegistrationTestCase1 -->
        <test-method is-config="true" signature="afterActions()[pri:0, instance:com.romanceabroad.ui.RegistrationTests2@29176cc1]" started-at="2021-06-24T15:46:11 EDT" name="afterActions" finished-at="2021-06-24T15:46:11 EDT" duration-ms="0" status="PASS">
          <reporter-output>
          </reporter-output>
        </test-method> <!-- afterActions -->
      </class> <!-- com.romanceabroad.ui.RegistrationTests2 -->
    </test> <!-- ChromeTestCases -->
  </suite> <!-- TestSuite -->
</testng-results>
