<?xml version="1.0" encoding="UTF-8"?>
<!-- Generated by org.testng.reporters.JUnitXMLReporter -->
<testsuite hostname="LAPTOP-6T1ITKLO" ignored="0" name="Chrome test cases" tests="2" failures="0" timestamp="2021-07-20T09:47:41 EDT" time="42.073" errors="0">
  <testcase name="selectRandomDropDownListMaxAgeTestCase12" time="11.392" classname="com.romanceabroad.ui.RegistrationTests2"/>
  <testcase name="testRegistrationTestCase1" time="8.596" classname="com.romanceabroad.ui.RegistrationTests2"/>
</testsuite> <!-- Chrome test cases -->
