<?xml version="1.0" encoding="UTF-8"?>
<!-- Generated by org.testng.reporters.JUnitXMLReporter -->
<testsuite hostname="LAPTOP-6T1ITKLO" ignored="0" name="Chrome test cases" tests="2" failures="0" timestamp="2021-07-20T10:12:54 EDT" time="38.701" errors="0">
  <testcase name="selectRandomDropDownListMaxAgeTestCase12" time="10.809" classname="com.romanceabroad.ui.RegistrationTests2"/>
  <testcase name="testRegistrationTestCase1" time="7.778" classname="com.romanceabroad.ui.RegistrationTests2"/>
</testsuite> <!-- Chrome test cases -->
