<?xml version="1.0" encoding="UTF-8"?>
<!-- Generated by org.testng.reporters.JUnitXMLReporter -->
<testsuite hostname="LAPTOP-6T1ITKLO" ignored="0" name="Chrome test cases" tests="2" failures="0" timestamp="2021-07-19T22:46:37 EDT" time="78.21" errors="0">
  <testcase name="selectRandomDropDownListMaxAgeTestCase12" time="14.073" classname="com.romanceabroad.ui.RegistrationTests2"/>
  <testcase name="testRegistrationTestCase1" time="13.263" classname="com.romanceabroad.ui.RegistrationTests2"/>
</testsuite> <!-- Chrome test cases -->
