<?xml version="1.0" encoding="UTF-8"?>
<testng-results skipped="0" failed="0" ignored="0" total="2" passed="2">
  <reporter-output>
  </reporter-output>
  <suite name="Mobile Test Suite" duration-ms="42047" started-at="2021-07-20T09:40:21 EDT" finished-at="2021-07-20T09:41:03 EDT">
    <groups>
    </groups>
    <test name="Chrome test cases" duration-ms="42047" started-at="2021-07-20T09:40:21 EDT" finished-at="2021-07-20T09:41:03 EDT">
      <class name="com.romanceabroad.ui.RegistrationTests2">
        <test-method status="PASS" signature="setup(java.lang.String,java.lang.String,java.lang.String,java.lang.String,java.lang.String,java.lang.String,java.lang.reflect.Method,org.testng.ITestContext)[pri:0, instance:com.romanceabroad.ui.RegistrationTests2@35d176f7]" name="setup" is-config="true" duration-ms="11428" started-at="2021-07-20T09:40:21 EDT" finished-at="2021-07-20T09:40:33 EDT">
          <params>
            <param index="0">
              <value>
                <![CDATA[chrome]]>
              </value>
            </param>
            <param index="1">
              <value>
                <![CDATA[web]]>
              </value>
            </param>
            <param index="2">
              <value>
                <![CDATA[Windows 10]]>
              </value>
            </param>
            <param index="3">
              <value>
                <![CDATA[59.0]]>
              </value>
            </param>
            <param index="4">
              <value is-null="true"/>
            </param>
            <param index="5">
              <value>
                <![CDATA[qa]]>
              </value>
            </param>
            <param index="6">
              <value>
                <![CDATA[public void com.romanceabroad.ui.RegistrationTests2.selectRandomDropDownListMaxAgeTestCase12()]]>
              </value>
            </param>
            <param index="7">
              <value>
                <![CDATA[org.testng.TestRunner@77b21474]]>
              </value>
            </param>
          </params>
          <reporter-output>
          </reporter-output>
        </test-method> <!-- setup -->
        <test-method status="PASS" signature="selectRandomDropDownListMaxAgeTestCase12()[pri:0, instance:com.romanceabroad.ui.RegistrationTests2@35d176f7]" name="selectRandomDropDownListMaxAgeTestCase12" duration-ms="10607" started-at="2021-07-20T09:40:33 EDT" finished-at="2021-07-20T09:40:43 EDT">
          <reporter-output>
          </reporter-output>
        </test-method> <!-- selectRandomDropDownListMaxAgeTestCase12 -->
        <test-method status="PASS" signature="afterActions(org.testng.ITestResult)[pri:0, instance:com.romanceabroad.ui.RegistrationTests2@35d176f7]" name="afterActions" is-config="true" duration-ms="467" started-at="2021-07-20T09:40:43 EDT" finished-at="2021-07-20T09:40:44 EDT">
          <params>
            <param index="0">
              <value>
                <![CDATA[[TestResult name=selectRandomDropDownListMaxAgeTestCase12 status=SUCCESS method=RegistrationTests2.selectRandomDropDownListMaxAgeTestCase12()[pri:0, instance:com.romanceabroad.ui.RegistrationTests2@35d176f7] output={null}]]]>
              </value>
            </param>
          </params>
          <reporter-output>
          </reporter-output>
        </test-method> <!-- afterActions -->
        <test-method status="PASS" signature="setup(java.lang.String,java.lang.String,java.lang.String,java.lang.String,java.lang.String,java.lang.String,java.lang.reflect.Method,org.testng.ITestContext)[pri:0, instance:com.romanceabroad.ui.RegistrationTests2@35d176f7]" name="setup" is-config="true" duration-ms="10734" started-at="2021-07-20T09:40:44 EDT" finished-at="2021-07-20T09:40:54 EDT">
          <params>
            <param index="0">
              <value>
                <![CDATA[chrome]]>
              </value>
            </param>
            <param index="1">
              <value>
                <![CDATA[web]]>
              </value>
            </param>
            <param index="2">
              <value>
                <![CDATA[Windows 10]]>
              </value>
            </param>
            <param index="3">
              <value>
                <![CDATA[59.0]]>
              </value>
            </param>
            <param index="4">
              <value is-null="true"/>
            </param>
            <param index="5">
              <value>
                <![CDATA[qa]]>
              </value>
            </param>
            <param index="6">
              <value>
                <![CDATA[public void com.romanceabroad.ui.RegistrationTests2.testRegistrationTestCase1()]]>
              </value>
            </param>
            <param index="7">
              <value>
                <![CDATA[org.testng.TestRunner@77b21474]]>
              </value>
            </param>
          </params>
          <reporter-output>
          </reporter-output>
        </test-method> <!-- setup -->
        <test-method status="PASS" signature="testRegistrationTestCase1()[pri:0, instance:com.romanceabroad.ui.RegistrationTests2@35d176f7]" name="testRegistrationTestCase1" duration-ms="8596" started-at="2021-07-20T09:40:54 EDT" finished-at="2021-07-20T09:41:03 EDT">
          <reporter-output>
          </reporter-output>
        </test-method> <!-- testRegistrationTestCase1 -->
        <test-method status="PASS" signature="afterActions(org.testng.ITestResult)[pri:0, instance:com.romanceabroad.ui.RegistrationTests2@35d176f7]" name="afterActions" is-config="true" duration-ms="119" started-at="2021-07-20T09:41:03 EDT" finished-at="2021-07-20T09:41:03 EDT">
          <params>
            <param index="0">
              <value>
                <![CDATA[[TestResult name=testRegistrationTestCase1 status=SUCCESS method=RegistrationTests2.testRegistrationTestCase1()[pri:0, instance:com.romanceabroad.ui.RegistrationTests2@35d176f7] output={null}]]]>
              </value>
            </param>
          </params>
          <reporter-output>
          </reporter-output>
        </test-method> <!-- afterActions -->
      </class> <!-- com.romanceabroad.ui.RegistrationTests2 -->
    </test> <!-- Chrome test cases -->
  </suite> <!-- Mobile Test Suite -->
</testng-results>
